Arguments: 
  C:\Program Files\nodejs\node.exe C:\Users\m.darvishnejad\AppData\Roaming\npm\node_modules\yarn\bin\yarn.js

PATH: 
  C:\Program Files\Python38\Scripts\;C:\Program Files\Python38\;C:\Program Files\Microsoft MPI\Bin\;C:\Program Files (x86)\Common Files\Oracle\Java\javapath;C:\Python38\Scripts\;C:\Python38\;C:\Windows\system32;C:\Windows;C:\Windows\System32\Wbem;C:\Windows\System32\WindowsPowerShell\v1.0\;C:\Windows\System32\OpenSSH\;C:\ProgramData\chocolatey\bin;C:\Program Files\dotnet\;C:\Program Files\Git\cmd;C:\Program Files\OpenJDK\openjdk-8u262-b10\bin;C:\Program Files\Microsoft SQL Server\Client SDK\ODBC\170\Tools\Binn\;D:\Tools\Redis-x64-3.0.504;C:\Program Files\PostgreSQL\12\bin;D:\Tools\go\bin;C:\Program Files\nodejs\;C:\Users\m.darvishnejad\.cargo\bin;C:\Users\m.darvishnejad\AppData\Local\Programs\Python\Python39\Scripts\;C:\Users\m.darvishnejad\AppData\Local\Programs\Python\Python39\;C:\Users\m.darvishnejad\AppData\Local\Microsoft\WindowsApps;C:\Users\m.darvishnejad\AppData\Local\Programs\Microsoft VS Code\bin;C:\Program Files\JetBrains\IntelliJ IDEA 2020.1.1\bin;C:\Users\m.darvishnejad\.dotnet\tools;C:\flutter\bin;D:\Tools\Sdk\emulator;D:\Tools\Sdk\tools;D:\Tools\Sdk\platform-tools;C:\MinGW\bin;C:\Users\m.darvishnejad\AppData\Local\hyper\app-3.0.2\resources\bin;C:\Program Files\JetBrains\PyCharm Edu 2020.2.2\bin;;C:\Program Files\JetBrains\WebStorm 2020.2.4\bin;;C:\Program Files\heroku\bin;;C:\Program Files\JetBrains\GoLand 2021.1.1\bin;;C:\Users\m.darvishnejad\go\bin;C:\Users\m.darvishnejad\AppData\Roaming\npm

Yarn version: 
  1.22.4

Node version: 
  14.17.0

Platform: 
  win32 x64

Trace: 
  Error: getaddrinfo EAI_AGAIN registry.yarnpkg.com
      at GetAddrInfoReqWrap.onlookup [as oncomplete] (dns.js:67:26)

npm manifest: 
  {
    "name": "use-states",
    "version": "1.0.0",
    "description": "react use states",
    "main": "lib/index.js",
    "types": "lib",
    "scripts": {
      "build": "tsc -p ."
    },
    "repository": {
      "type": "git",
      "url": "git+https://github.com/majidux/useStates.git"
    },
    "keywords": [
      "npm",
      "react"
    ],
    "author": "majid darvish",
    "license": "ISC",
    "bugs": {
      "url": "https://github.com/majidux/useStates/issues"
    },
    "homepage": "https://github.com/majidux/useStates#readme",
    "dependencies": {
      "react": "17.0.2"
    }
  }

yarn manifest: 
  No manifest

Lockfile: 
  # THIS IS AN AUTOGENERATED FILE. DO NOT EDIT THIS FILE DIRECTLY.
  # yarn lockfile v1
